<?xml version="1.0" encoding="UTF-8"?>
<!-- Generated by org.testng.reporters.JUnitReportReporter -->
<testsuite hostname="Hassans-MBP" failures="1" tests="1" name="TestRunner" time="8.174" errors="0" timestamp="2023-03-12T12:31:01 EDT" skipped="0">
  <testcase classname="TestRunner" name="runScenario" time="8.174">
    <failure message="expected [You have entered an incorrect email or student Ids] but found [You have entered an incorrect email or student Id]" type="java.lang.AssertionError">
      <![CDATA[java.lang.AssertionError: expected [You have entered an incorrect email or student Ids] but found [You have entered an incorrect email or student Id]
at org.testng.Assert.fail(Assert.java:99)
at org.testng.Assert.failNotEquals(Assert.java:1037)
at org.testng.Assert.assertEqualsImpl(Assert.java:140)
at org.testng.Assert.assertEquals(Assert.java:122)
at org.testng.Assert.assertEquals(Assert.java:629)
at org.testng.Assert.assertEquals(Assert.java:639)
at pageObject.login_page.verifyErrorMessageForInvalidEmailOrPassword(login_page.java:55)
at stepDef.LoginSteps.userShouldBeAbleSeeMessage(LoginSteps.java:55)
at âœ½.user should be able see "You have entered an incorrect email or student Ids" message(file:///Users/hbhuiyan/Documents/TalentTEK/GitStuff/CBDDFW_JAN_2023/src/test/java/features/login.feature:17)
]]>
    </failure>
  </testcase> <!-- runScenario -->
  <system-out/>
</testsuite> <!-- TestRunner -->
