<?xml version="1.0" encoding="UTF-8"?>
<!-- Generated by org.testng.reporters.JUnitReportReporter -->
<testsuite hostname="ip-192-168-1-203.ec2.internal" failures="0" tests="1" name="TestRunner" time="9.878" errors="0" timestamp="2023-03-14T16:35:58 EDT" skipped="0">
  <testcase classname="TestRunner" name="runScenario" time="9.878"/>
  <system-out/>
</testsuite> <!-- TestRunner -->
