<?xml version="1.0" encoding="UTF-8"?>
<!-- Generated by org.testng.reporters.JUnitReportReporter -->
<testsuite hostname="LAPTOP-B0VLPEOC" failures="0" tests="5" name="TestRunner" time="15.336" errors="0" timestamp="2023-02-19T15:01:38 EST" skipped="0">
  <testcase classname="TestRunner" name="runScenario" time="2.260"/>
  <system-out/>
  <testcase classname="TestRunner" name="runScenario" time="2.631"/>
  <system-out/>
  <testcase classname="TestRunner" name="runScenario" time="2.248"/>
  <system-out/>
  <testcase classname="TestRunner" name="runScenario" time="5.856"/>
  <system-out/>
  <testcase classname="TestRunner" name="runScenario" time="2.341"/>
  <system-out/>
</testsuite> <!-- TestRunner -->
